#
# A fatal error has been detected by the Java Runtime Environment:
#
#  EXCEPTION_ACCESS_VIOLATION (0xc0000005) at pc=0x0000000180005b00, pid=11796, tid=15860
#
# JRE version: Java(TM) SE Runtime Environment (11.0.2+9) (build 11.0.2+9-LTS)
# Java VM: Java HotSpot(TM) 64-Bit Server VM (11.0.2+9-LTS, mixed mode, tiered, compressed oops, g1 gc, windows-amd64)
# Problematic frame:
# C  [rxtxSerial.dll+0x5b00]
#
# No core dump will be written. Minidumps are not enabled by default on client versions of Windows
#
# If you would like to submit a bug report, please visit:
#   http://bugreport.java.com/bugreport/crash.jsp
# The crash happened outside the Java Virtual Machine in native code.
# See problematic frame for where to report the bug.
#

---------------  S U M M A R Y ------------

Command Line: -Dfile.encoding=UTF-8 search.outil.SerialRead

Host: Intel(R) Core(TM) i7-8550U CPU @ 1.80GHz, 8 cores, 7G,  Windows 10 , 64 bit Build 18362 (10.0.18362.1350)
Time: Wed Feb 24 23:29:22 2021 China Standard Time elapsed time: 32 seconds (0d 0h 0m 32s)

---------------  T H R E A D  ---------------

Current thread (0x0000023de8808000):  JavaThread "Thread-0" [_thread_in_native, id=15860, stack(0x000000ae80400000,0x000000ae80500000)]

Stack: [0x000000ae80400000,0x000000ae80500000],  sp=0x000000ae804fe4f0,  free space=1017k
Native frames: (J=compiled Java code, j=interpreted, Vv=VM code, C=native code)
C  [rxtxSerial.dll+0x5b00]

Java frames: (J=compiled Java code, j=interpreted, Vv=VM code)
j  gnu.io.RXTXPort.readArray([BII)I+0
j  gnu.io.RXTXPort$SerialInputStream.read([BII)I+212
j  gnu.io.RXTXPort$SerialInputStream.read([B)I+60
j  search.outil.SerialTool.readData(Lgnu/io/SerialPort;)[B+23
j  search.outil.SerialRead$1.serialEvent(Lgnu/io/SerialPortEvent;)V+26
j  gnu.io.RXTXPort.sendEvent(IZ)Z+382
v  ~StubRoutines::call_stub
j  gnu.io.RXTXPort.eventLoop()V+0
j  gnu.io.RXTXPort$MonitorThread.run()V+12
v  ~StubRoutines::call_stub

siginfo: EXCEPTION_ACCESS_VIOLATION (0xc0000005), reading address 0xffffffff804ff0b8


Register to memory mapping:

RIP=0x0000000180005b00 rxtxSerial.dll
RAX=0x0000000000000001 is an unknown value
RBX=0x0 is NULL
RCX=0x000000018001d4d5 rxtxSerial.dll
RDX=0xfffffffffffff665 is an unknown value
RSP=0x000000ae804fe4f0 is pointing into the stack for thread: 0x0000023de8808000
RBP=
[error occurred during error reporting (printing register info), id 0xc0000005, EXCEPTION_ACCESS_VIOLATION (0xc0000005) at pc=0x00007ffab1a12eb6]

Registers:
RAX=0x0000000000000001, RBX=0x0000000000000000, RCX=0x000000018001d4d5, RDX=0xfffffffffffff665
RSP=0x000000ae804fe4f0, RBP=0x00000000ffffffff, RSI=0x0000000000000000, RDI=0x0000023de8808340
R8 =0x0000000000000002, R9 =0xfffffffffffff63c, R10=0x0000000000000042, R11=0x8101010101010100
R12=0xffffffff804ff0b0, R13=0x0000000000000014, R14=0x000000ae804fe6e0, R15=0x0000000000000000
RIP=0x0000000180005b00, EFLAGS=0x0000000000010202

Top of Stack: (sp=0x000000ae804fe4f0)
0x000000ae804fe4f0:   0000000000000000 0000000000000000
0x000000ae804fe500:   0000000000000000 0000023de8808340
0x000000ae804fe510:   0000000000000000 000000ae804fe6e0
0x000000ae804fe520:   0000023de82a89d0 0000000000000001
0x000000ae804fe530:   0000023de8808340 0000000000000014
0x000000ae804fe540:   ffffffffffffffff 0000000180006211
0x000000ae804fe550:   0000023de8a201f0 ffffffffffffffff
0x000000ae804fe560:   0000000000000001 0000023de8a201f0
0x000000ae804fe570:   0000023d00000014 00007ffaffffffff
0x000000ae804fe580:   000000ae804fe6e8 000000ae804fe6e8
0x000000ae804fe590:   0000023de82a89d0 0000023de8808000
0x000000ae804fe5a0:   0000023de880a360 00007ffab1aa9f63
0x000000ae804fe5b0:   000000ae804fecd0 0000000000000150
0x000000ae804fe5c0:   0000000000000150 00000a1f819974a1
0x000000ae804fe5d0:   0000023de82a89d8 0000023de82a89d0
0x000000ae804fe5e0:   0000023de8808000 000000ae804fe6e8 

Instructions: (pc=0x0000000180005b00)
0x0000000180005ae0:   15 23 7a 01 00 48 8d 48 60 e8 3a 5d 00 00 4c 8b
0x0000000180005af0:   e5 8b ac 24 88 00 00 00 44 8b ac 24 80 00 00 00
0x0000000180005b00:   45 8b 74 24 08 41 89 5c 24 08 41 8b fd 85 ed 78
0x0000000180005b10:   09 ff 15 e9 14 01 00 44 8b f8 45 85 ed 7e 4a 90 


Stack slot to memory mapping:
stack at sp + 0 slots: 0x0 is NULL
stack at sp + 1 slots: 0x0 is NULL
stack at sp + 2 slots: 0x0 is NULL
stack at sp + 3 slots: 0x0000023de8808340 points into unknown readable memory: b0 3d 11 b2 fa 7f 00 00
stack at sp + 4 slots: 0x0 is NULL
stack at sp + 5 slots: 0x000000ae804fe6e0 is pointing into the stack for thread: 0x0000023de8808000
stack at sp + 6 slots: 0x0000023de82a89d0 is pointing into metadata
stack at sp + 7 slots: 0x0000000000000001 is an unknown value


---------------  P R O C E S S  ---------------

Threads class SMR info:
_java_thread_list=0x0000023de8a01230, length=11, elements={
0x0000023de7e13800, 0x0000023de7e1e800, 0x0000023de7e3d000, 0x0000023de878a000,
0x0000023de878c000, 0x0000023de879b800, 0x0000023de87a0800, 0x0000023de8911000,
0x0000023de8921800, 0x0000023de8808000, 0x0000023dc923f000
}

Java Threads: ( => current thread )
  0x0000023de7e13800 JavaThread "Reference Handler" daemon [_thread_blocked, id=13724, stack(0x000000aeffa00000,0x000000aeffb00000)]
  0x0000023de7e1e800 JavaThread "Finalizer" daemon [_thread_blocked, id=14424, stack(0x000000aeffb00000,0x000000aeffc00000)]
  0x0000023de7e3d000 JavaThread "Signal Dispatcher" daemon [_thread_blocked, id=16800, stack(0x000000aeffc00000,0x000000aeffd00000)]
  0x0000023de878a000 JavaThread "Attach Listener" daemon [_thread_blocked, id=6980, stack(0x000000aeffd00000,0x000000aeffe00000)]
  0x0000023de878c000 JavaThread "C2 CompilerThread0" daemon [_thread_blocked, id=15632, stack(0x000000aeffe00000,0x000000aefff00000)]
  0x0000023de879b800 JavaThread "C1 CompilerThread0" daemon [_thread_blocked, id=6268, stack(0x000000aefff00000,0x000000af00000000)]
  0x0000023de87a0800 JavaThread "Sweeper thread" daemon [_thread_blocked, id=12852, stack(0x000000ae80000000,0x000000ae80100000)]
  0x0000023de8911000 JavaThread "Service Thread" daemon [_thread_blocked, id=15656, stack(0x000000ae80100000,0x000000ae80200000)]
  0x0000023de8921800 JavaThread "Common-Cleaner" daemon [_thread_blocked, id=5524, stack(0x000000ae80300000,0x000000ae80400000)]
=>0x0000023de8808000 JavaThread "Thread-0" [_thread_in_native, id=15860, stack(0x000000ae80400000,0x000000ae80500000)]
  0x0000023dc923f000 JavaThread "DestroyJavaVM" [_thread_blocked, id=17284, stack(0x000000aeff300000,0x000000aeff400000)]

Other Threads:
  0x0000023de7def000 VMThread "VM Thread" [stack: 0x000000aeff900000,0x000000aeffa00000] [id=5836]
  0x0000023de8921000 WatcherThread [stack: 0x000000ae80200000,0x000000ae80300000] [id=13524]
  0x0000023dc924f000 GCTaskThread "GC Thread#0" [stack: 0x000000aeff400000,0x000000aeff500000] [id=14708]
  0x0000023dc9284000 ConcurrentGCThread "G1 Main Marker" [stack: 0x000000aeff500000,0x000000aeff600000] [id=4616]
  0x0000023dc9286000 ConcurrentGCThread "G1 Conc#0" [stack: 0x000000aeff600000,0x000000aeff700000] [id=10728]
  0x0000023de7c62800 ConcurrentGCThread "G1 Refine#0" [stack: 0x000000aeff700000,0x000000aeff800000] [id=11052]
  0x0000023dc930c000 ConcurrentGCThread "G1 Young RemSet Sampling" [stack: 0x000000aeff800000,0x000000aeff900000] [id=10040]

Threads with active compile tasks:

VM state:not at safepoint (normal execution)

VM Mutex/Monitor currently owned by a thread: None

Heap address: 0x0000000081e00000, size: 2018 MB, Compressed Oops mode: 32-bit
Narrow klass base: 0x0000000000000000, Narrow klass shift: 3
Compressed class space size: 1073741824 Address: 0x0000000100000000

Heap:
 garbage-first heap   total 131072K, used 8192K [0x0000000081e00000, 0x0000000100000000)
  region size 1024K, 5 young (5120K), 0 survivors (0K)
 Metaspace       used 5077K, capacity 5200K, committed 5376K, reserved 1056768K
  class space    used 450K, capacity 496K, committed 512K, reserved 1048576K
Heap Regions: E=young(eden), S=young(survivor), O=old, HS=humongous(starts), HC=humongous(continues), CS=collection set, F=free, A=archive, TAMS=top-at-mark-start (previous, next)
|   0|0x0000000081e00000, 0x0000000081f00000, 0x0000000081f00000|100%|HS|  |TAMS 0x0000000081e00000, 0x0000000081e00000| Complete 
|   1|0x0000000081f00000, 0x0000000082000000, 0x0000000082000000|100%|HC|  |TAMS 0x0000000081f00000, 0x0000000081f00000| Complete 
|   2|0x0000000082000000, 0x0000000082100000, 0x0000000082100000|100%|HC|  |TAMS 0x0000000082000000, 0x0000000082000000| Complete 
|   3|0x0000000082100000, 0x0000000082200000, 0x0000000082200000|100%|HS|  |TAMS 0x0000000082100000, 0x0000000082100000| Complete 
|   4|0x0000000082200000, 0x0000000082200000, 0x0000000082300000|  0%| F|  |TAMS 0x0000000082200000, 0x0000000082200000| Untracked 
|   5|0x0000000082300000, 0x0000000082300000, 0x0000000082400000|  0%| F|  |TAMS 0x0000000082300000, 0x0000000082300000| Untracked 
|   6|0x0000000082400000, 0x0000000082400000, 0x0000000082500000|  0%| F|  |TAMS 0x0000000082400000, 0x0000000082400000| Untracked 
|   7|0x0000000082500000, 0x0000000082500000, 0x0000000082600000|  0%| F|  |TAMS 0x0000000082500000, 0x0000000082500000| Untracked 
|   8|0x0000000082600000, 0x0000000082600000, 0x0000000082700000|  0%| F|  |TAMS 0x0000000082600000, 0x0000000082600000| Untracked 
|   9|0x0000000082700000, 0x0000000082700000, 0x0000000082800000|  0%| F|  |TAMS 0x0000000082700000, 0x0000000082700000| Untracked 
|  10|0x0000000082800000, 0x0000000082800000, 0x0000000082900000|  0%| F|  |TAMS 0x0000000082800000, 0x0000000082800000| Untracked 
|  11|0x0000000082900000, 0x0000000082900000, 0x0000000082a00000|  0%| F|  |TAMS 0x0000000082900000, 0x0000000082900000| Untracked 
|  12|0x0000000082a00000, 0x0000000082a00000, 0x0000000082b00000|  0%| F|  |TAMS 0x0000000082a00000, 0x0000000082a00000| Untracked 
|  13|0x0000000082b00000, 0x0000000082b00000, 0x0000000082c00000|  0%| F|  |TAMS 0x0000000082b00000, 0x0000000082b00000| Untracked 
|  14|0x0000000082c00000, 0x0000000082c00000, 0x0000000082d00000|  0%| F|  |TAMS 0x0000000082c00000, 0x0000000082c00000| Untracked 
|  15|0x0000000082d00000, 0x0000000082d00000, 0x0000000082e00000|  0%| F|  |TAMS 0x0000000082d00000, 0x0000000082d00000| Untracked 
|  16|0x0000000082e00000, 0x0000000082e00000, 0x0000000082f00000|  0%| F|  |TAMS 0x0000000082e00000, 0x0000000082e00000| Untracked 
|  17|0x0000000082f00000, 0x0000000082f00000, 0x0000000083000000|  0%| F|  |TAMS 0x0000000082f00000, 0x0000000082f00000| Untracked 
|  18|0x0000000083000000, 0x0000000083000000, 0x0000000083100000|  0%| F|  |TAMS 0x0000000083000000, 0x0000000083000000| Untracked 
|  19|0x0000000083100000, 0x0000000083100000, 0x0000000083200000|  0%| F|  |TAMS 0x0000000083100000, 0x0000000083100000| Untracked 
|  20|0x0000000083200000, 0x0000000083200000, 0x0000000083300000|  0%| F|  |TAMS 0x0000000083200000, 0x0000000083200000| Untracked 
|  21|0x0000000083300000, 0x0000000083300000, 0x0000000083400000|  0%| F|  |TAMS 0x0000000083300000, 0x0000000083300000| Untracked 
|  22|0x0000000083400000, 0x0000000083400000, 0x0000000083500000|  0%| F|  |TAMS 0x0000000083400000, 0x0000000083400000| Untracked 
|  23|0x0000000083500000, 0x0000000083500000, 0x0000000083600000|  0%| F|  |TAMS 0x0000000083500000, 0x0000000083500000| Untracked 
|  24|0x0000000083600000, 0x0000000083600000, 0x0000000083700000|  0%| F|  |TAMS 0x0000000083600000, 0x0000000083600000| Untracked 
|  25|0x0000000083700000, 0x0000000083700000, 0x0000000083800000|  0%| F|  |TAMS 0x0000000083700000, 0x0000000083700000| Untracked 
|  26|0x0000000083800000, 0x0000000083800000, 0x0000000083900000|  0%| F|  |TAMS 0x0000000083800000, 0x0000000083800000| Untracked 
|  27|0x0000000083900000, 0x0000000083900000, 0x0000000083a00000|  0%| F|  |TAMS 0x0000000083900000, 0x0000000083900000| Untracked 
|  28|0x0000000083a00000, 0x0000000083a00000, 0x0000000083b00000|  0%| F|  |TAMS 0x0000000083a00000, 0x0000000083a00000| Untracked 
|  29|0x0000000083b00000, 0x0000000083b00000, 0x0000000083c00000|  0%| F|  |TAMS 0x0000000083b00000, 0x0000000083b00000| Untracked 
|  30|0x0000000083c00000, 0x0000000083c00000, 0x0000000083d00000|  0%| F|  |TAMS 0x0000000083c00000, 0x0000000083c00000| Untracked 
|  31|0x0000000083d00000, 0x0000000083d00000, 0x0000000083e00000|  0%| F|  |TAMS 0x0000000083d00000, 0x0000000083d00000| Untracked 
|  32|0x0000000083e00000, 0x0000000083e00000, 0x0000000083f00000|  0%| F|  |TAMS 0x0000000083e00000, 0x0000000083e00000| Untracked 
|  33|0x0000000083f00000, 0x0000000083f00000, 0x0000000084000000|  0%| F|  |TAMS 0x0000000083f00000, 0x0000000083f00000| Untracked 
|  34|0x0000000084000000, 0x0000000084000000, 0x0000000084100000|  0%| F|  |TAMS 0x0000000084000000, 0x0000000084000000| Untracked 
|  35|0x0000000084100000, 0x0000000084100000, 0x0000000084200000|  0%| F|  |TAMS 0x0000000084100000, 0x0000000084100000| Untracked 
|  36|0x0000000084200000, 0x0000000084200000, 0x0000000084300000|  0%| F|  |TAMS 0x0000000084200000, 0x0000000084200000| Untracked 
|  37|0x0000000084300000, 0x0000000084300000, 0x0000000084400000|  0%| F|  |TAMS 0x0000000084300000, 0x0000000084300000| Untracked 
|  38|0x0000000084400000, 0x0000000084400000, 0x0000000084500000|  0%| F|  |TAMS 0x0000000084400000, 0x0000000084400000| Untracked 
|  39|0x0000000084500000, 0x0000000084500000, 0x0000000084600000|  0%| F|  |TAMS 0x0000000084500000, 0x0000000084500000| Untracked 
|  40|0x0000000084600000, 0x0000000084600000, 0x0000000084700000|  0%| F|  |TAMS 0x0000000084600000, 0x0000000084600000| Untracked 
|  41|0x0000000084700000, 0x0000000084700000, 0x0000000084800000|  0%| F|  |TAMS 0x0000000084700000, 0x0000000084700000| Untracked 
|  42|0x0000000084800000, 0x0000000084800000, 0x0000000084900000|  0%| F|  |TAMS 0x0000000084800000, 0x0000000084800000| Untracked 
|  43|0x0000000084900000, 0x0000000084900000, 0x0000000084a00000|  0%| F|  |TAMS 0x0000000084900000, 0x0000000084900000| Untracked 
|  44|0x0000000084a00000, 0x0000000084a00000, 0x0000000084b00000|  0%| F|  |TAMS 0x0000000084a00000, 0x0000000084a00000| Untracked 
|  45|0x0000000084b00000, 0x0000000084b00000, 0x0000000084c00000|  0%| F|  |TAMS 0x0000000084b00000, 0x0000000084b00000| Untracked 
|  46|0x0000000084c00000, 0x0000000084c00000, 0x0000000084d00000|  0%| F|  |TAMS 0x0000000084c00000, 0x0000000084c00000| Untracked 
|  47|0x0000000084d00000, 0x0000000084d00000, 0x0000000084e00000|  0%| F|  |TAMS 0x0000000084d00000, 0x0000000084d00000| Untracked 
|  48|0x0000000084e00000, 0x0000000084e00000, 0x0000000084f00000|  0%| F|  |TAMS 0x0000000084e00000, 0x0000000084e00000| Untracked 
|  49|0x0000000084f00000, 0x0000000084f00000, 0x0000000085000000|  0%| F|  |TAMS 0x0000000084f00000, 0x0000000084f00000| Untracked 
|  50|0x0000000085000000, 0x0000000085000000, 0x0000000085100000|  0%| F|  |TAMS 0x0000000085000000, 0x0000000085000000| Untracked 
|  51|0x0000000085100000, 0x0000000085100000, 0x0000000085200000|  0%| F|  |TAMS 0x0000000085100000, 0x0000000085100000| Untracked 
|  52|0x0000000085200000, 0x0000000085200000, 0x0000000085300000|  0%| F|  |TAMS 0x0000000085200000, 0x0000000085200000| Untracked 
|  53|0x0000000085300000, 0x0000000085300000, 0x0000000085400000|  0%| F|  |TAMS 0x0000000085300000, 0x0000000085300000| Untracked 
|  54|0x0000000085400000, 0x0000000085400000, 0x0000000085500000|  0%| F|  |TAMS 0x0000000085400000, 0x0000000085400000| Untracked 
|  55|0x0000000085500000, 0x0000000085500000, 0x0000000085600000|  0%| F|  |TAMS 0x0000000085500000, 0x0000000085500000| Untracked 
|  56|0x0000000085600000, 0x0000000085600000, 0x0000000085700000|  0%| F|  |TAMS 0x0000000085600000, 0x0000000085600000| Untracked 
|  57|0x0000000085700000, 0x0000000085700000, 0x0000000085800000|  0%| F|  |TAMS 0x0000000085700000, 0x0000000085700000| Untracked 
|  58|0x0000000085800000, 0x0000000085800000, 0x0000000085900000|  0%| F|  |TAMS 0x0000000085800000, 0x0000000085800000| Untracked 
|  59|0x0000000085900000, 0x0000000085900000, 0x0000000085a00000|  0%| F|  |TAMS 0x0000000085900000, 0x0000000085900000| Untracked 
|  60|0x0000000085a00000, 0x0000000085a00000, 0x0000000085b00000|  0%| F|  |TAMS 0x0000000085a00000, 0x0000000085a00000| Untracked 
|  61|0x0000000085b00000, 0x0000000085b00000, 0x0000000085c00000|  0%| F|  |TAMS 0x0000000085b00000, 0x0000000085b00000| Untracked 
|  62|0x0000000085c00000, 0x0000000085c00000, 0x0000000085d00000|  0%| F|  |TAMS 0x0000000085c00000, 0x0000000085c00000| Untracked 
|  63|0x0000000085d00000, 0x0000000085d00000, 0x0000000085e00000|  0%| F|  |TAMS 0x0000000085d00000, 0x0000000085d00000| Untracked 
|  64|0x0000000085e00000, 0x0000000085e00000, 0x0000000085f00000|  0%| F|  |TAMS 0x0000000085e00000, 0x0000000085e00000| Untracked 
|  65|0x0000000085f00000, 0x0000000085f00000, 0x0000000086000000|  0%| F|  |TAMS 0x0000000085f00000, 0x0000000085f00000| Untracked 
|  66|0x0000000086000000, 0x0000000086000000, 0x0000000086100000|  0%| F|  |TAMS 0x0000000086000000, 0x0000000086000000| Untracked 
|  67|0x0000000086100000, 0x0000000086100000, 0x0000000086200000|  0%| F|  |TAMS 0x0000000086100000, 0x0000000086100000| Untracked 
|  68|0x0000000086200000, 0x0000000086200000, 0x0000000086300000|  0%| F|  |TAMS 0x0000000086200000, 0x0000000086200000| Untracked 
|  69|0x0000000086300000, 0x0000000086300000, 0x0000000086400000|  0%| F|  |TAMS 0x0000000086300000, 0x0000000086300000| Untracked 
|  70|0x0000000086400000, 0x0000000086400000, 0x0000000086500000|  0%| F|  |TAMS 0x0000000086400000, 0x0000000086400000| Untracked 
|  71|0x0000000086500000, 0x0000000086500000, 0x0000000086600000|  0%| F|  |TAMS 0x0000000086500000, 0x0000000086500000| Untracked 
|  72|0x0000000086600000, 0x0000000086600000, 0x0000000086700000|  0%| F|  |TAMS 0x0000000086600000, 0x0000000086600000| Untracked 
|  73|0x0000000086700000, 0x0000000086700000, 0x0000000086800000|  0%| F|  |TAMS 0x0000000086700000, 0x0000000086700000| Untracked 
|  74|0x0000000086800000, 0x0000000086800000, 0x0000000086900000|  0%| F|  |TAMS 0x0000000086800000, 0x0000000086800000| Untracked 
|  75|0x0000000086900000, 0x0000000086900000, 0x0000000086a00000|  0%| F|  |TAMS 0x0000000086900000, 0x0000000086900000| Untracked 
|  76|0x0000000086a00000, 0x0000000086a00000, 0x0000000086b00000|  0%| F|  |TAMS 0x0000000086a00000, 0x0000000086a00000| Untracked 
|  77|0x0000000086b00000, 0x0000000086b00000, 0x0000000086c00000|  0%| F|  |TAMS 0x0000000086b00000, 0x0000000086b00000| Untracked 
|  78|0x0000000086c00000, 0x0000000086c00000, 0x0000000086d00000|  0%| F|  |TAMS 0x0000000086c00000, 0x0000000086c00000| Untracked 
|  79|0x0000000086d00000, 0x0000000086d00000, 0x0000000086e00000|  0%| F|  |TAMS 0x0000000086d00000, 0x0000000086d00000| Untracked 
|  80|0x0000000086e00000, 0x0000000086e00000, 0x0000000086f00000|  0%| F|  |TAMS 0x0000000086e00000, 0x0000000086e00000| Untracked 
|  81|0x0000000086f00000, 0x0000000086f00000, 0x0000000087000000|  0%| F|  |TAMS 0x0000000086f00000, 0x0000000086f00000| Untracked 
|  82|0x0000000087000000, 0x0000000087000000, 0x0000000087100000|  0%| F|  |TAMS 0x0000000087000000, 0x0000000087000000| Untracked 
|  83|0x0000000087100000, 0x0000000087100000, 0x0000000087200000|  0%| F|  |TAMS 0x0000000087100000, 0x0000000087100000| Untracked 
|  84|0x0000000087200000, 0x0000000087200000, 0x0000000087300000|  0%| F|  |TAMS 0x0000000087200000, 0x0000000087200000| Untracked 
|  85|0x0000000087300000, 0x0000000087300000, 0x0000000087400000|  0%| F|  |TAMS 0x0000000087300000, 0x0000000087300000| Untracked 
|  86|0x0000000087400000, 0x0000000087400000, 0x0000000087500000|  0%| F|  |TAMS 0x0000000087400000, 0x0000000087400000| Untracked 
|  87|0x0000000087500000, 0x0000000087500000, 0x0000000087600000|  0%| F|  |TAMS 0x0000000087500000, 0x0000000087500000| Untracked 
|  88|0x0000000087600000, 0x0000000087600000, 0x0000000087700000|  0%| F|  |TAMS 0x0000000087600000, 0x0000000087600000| Untracked 
|  89|0x0000000087700000, 0x0000000087700000, 0x0000000087800000|  0%| F|  |TAMS 0x0000000087700000, 0x0000000087700000| Untracked 
|  90|0x0000000087800000, 0x0000000087800000, 0x0000000087900000|  0%| F|  |TAMS 0x0000000087800000, 0x0000000087800000| Untracked 
|  91|0x0000000087900000, 0x0000000087900000, 0x0000000087a00000|  0%| F|  |TAMS 0x0000000087900000, 0x0000000087900000| Untracked 
|  92|0x0000000087a00000, 0x0000000087a00000, 0x0000000087b00000|  0%| F|  |TAMS 0x0000000087a00000, 0x0000000087a00000| Untracked 
|  93|0x0000000087b00000, 0x0000000087b00000, 0x0000000087c00000|  0%| F|  |TAMS 0x0000000087b00000, 0x0000000087b00000| Untracked 
|  94|0x0000000087c00000, 0x0000000087c00000, 0x0000000087d00000|  0%| F|  |TAMS 0x0000000087c00000, 0x0000000087c00000| Untracked 
|  95|0x0000000087d00000, 0x0000000087d00000, 0x0000000087e00000|  0%| F|  |TAMS 0x0000000087d00000, 0x0000000087d00000| Untracked 
|  96|0x0000000087e00000, 0x0000000087e00000, 0x0000000087f00000|  0%| F|  |TAMS 0x0000000087e00000, 0x0000000087e00000| Untracked 
|  97|0x0000000087f00000, 0x0000000087f00000, 0x0000000088000000|  0%| F|  |TAMS 0x0000000087f00000, 0x0000000087f00000| Untracked 
|  98|0x0000000088000000, 0x0000000088000000, 0x0000000088100000|  0%| F|  |TAMS 0x0000000088000000, 0x0000000088000000| Untracked 
|  99|0x0000000088100000, 0x0000000088100000, 0x0000000088200000|  0%| F|  |TAMS 0x0000000088100000, 0x0000000088100000| Untracked 
| 100|0x0000000088200000, 0x0000000088200000, 0x0000000088300000|  0%| F|  |TAMS 0x0000000088200000, 0x0000000088200000| Untracked 
| 101|0x0000000088300000, 0x0000000088300000, 0x0000000088400000|  0%| F|  |TAMS 0x0000000088300000, 0x0000000088300000| Untracked 
| 102|0x0000000088400000, 0x0000000088400000, 0x0000000088500000|  0%| F|  |TAMS 0x0000000088400000, 0x0000000088400000| Untracked 
| 103|0x0000000088500000, 0x0000000088500000, 0x0000000088600000|  0%| F|  |TAMS 0x0000000088500000, 0x0000000088500000| Untracked 
| 104|0x0000000088600000, 0x0000000088600000, 0x0000000088700000|  0%| F|  |TAMS 0x0000000088600000, 0x0000000088600000| Untracked 
| 105|0x0000000088700000, 0x0000000088700000, 0x0000000088800000|  0%| F|  |TAMS 0x0000000088700000, 0x0000000088700000| Untracked 
| 106|0x0000000088800000, 0x0000000088800000, 0x0000000088900000|  0%| F|  |TAMS 0x0000000088800000, 0x0000000088800000| Untracked 
| 107|0x0000000088900000, 0x0000000088900000, 0x0000000088a00000|  0%| F|  |TAMS 0x0000000088900000, 0x0000000088900000| Untracked 
| 108|0x0000000088a00000, 0x0000000088a00000, 0x0000000088b00000|  0%| F|  |TAMS 0x0000000088a00000, 0x0000000088a00000| Untracked 
| 109|0x0000000088b00000, 0x0000000088b00000, 0x0000000088c00000|  0%| F|  |TAMS 0x0000000088b00000, 0x0000000088b00000| Untracked 
| 110|0x0000000088c00000, 0x0000000088c00000, 0x0000000088d00000|  0%| F|  |TAMS 0x0000000088c00000, 0x0000000088c00000| Untracked 
| 111|0x0000000088d00000, 0x0000000088d00000, 0x0000000088e00000|  0%| F|  |TAMS 0x0000000088d00000, 0x0000000088d00000| Untracked 
| 112|0x0000000088e00000, 0x0000000088e00000, 0x0000000088f00000|  0%| F|  |TAMS 0x0000000088e00000, 0x0000000088e00000| Untracked 
| 113|0x0000000088f00000, 0x0000000088f00000, 0x0000000089000000|  0%| F|  |TAMS 0x0000000088f00000, 0x0000000088f00000| Untracked 
| 114|0x0000000089000000, 0x0000000089000000, 0x0000000089100000|  0%| F|  |TAMS 0x0000000089000000, 0x0000000089000000| Untracked 
| 115|0x0000000089100000, 0x0000000089100000, 0x0000000089200000|  0%| F|  |TAMS 0x0000000089100000, 0x0000000089100000| Untracked 
| 116|0x0000000089200000, 0x0000000089200000, 0x0000000089300000|  0%| F|  |TAMS 0x0000000089200000, 0x0000000089200000| Untracked 
| 117|0x0000000089300000, 0x0000000089300000, 0x0000000089400000|  0%| F|  |TAMS 0x0000000089300000, 0x0000000089300000| Untracked 
| 118|0x0000000089400000, 0x0000000089400000, 0x0000000089500000|  0%| F|  |TAMS 0x0000000089400000, 0x0000000089400000| Untracked 
| 119|0x0000000089500000, 0x0000000089500000, 0x0000000089600000|  0%| F|  |TAMS 0x0000000089500000, 0x0000000089500000| Untracked 
| 120|0x0000000089600000, 0x0000000089600000, 0x0000000089700000|  0%| F|  |TAMS 0x0000000089600000, 0x0000000089600000| Untracked 
| 121|0x0000000089700000, 0x0000000089700000, 0x0000000089800000|  0%| F|  |TAMS 0x0000000089700000, 0x0000000089700000| Untracked 
| 122|0x0000000089800000, 0x0000000089800000, 0x0000000089900000|  0%| F|  |TAMS 0x0000000089800000, 0x0000000089800000| Untracked 
| 123|0x0000000089900000, 0x0000000089a00000, 0x0000000089a00000|100%| E|  |TAMS 0x0000000089900000, 0x0000000089900000| Complete 
| 124|0x0000000089a00000, 0x0000000089b00000, 0x0000000089b00000|100%| E|CS|TAMS 0x0000000089a00000, 0x0000000089a00000| Complete 
| 125|0x0000000089b00000, 0x0000000089c00000, 0x0000000089c00000|100%| E|CS|TAMS 0x0000000089b00000, 0x0000000089b00000| Complete 
| 126|0x0000000089c00000, 0x0000000089d00000, 0x0000000089d00000|100%| E|CS|TAMS 0x0000000089c00000, 0x0000000089c00000| Complete 
| 127|0x0000000089d00000, 0x0000000089e00000, 0x0000000089e00000|100%| E|CS|TAMS 0x0000000089d00000, 0x0000000089d00000| Complete 

Card table byte_map: [0x0000023de0ca0000,0x0000023de10a0000] _byte_map_base: 0x0000023de0891000

Marking Bits (Prev, Next): (CMBitMap*) 0x0000023dc92791d8, (CMBitMap*) 0x0000023dc9279210
 Prev Bits: [0x0000023de14a0000, 0x0000023de3428000)
 Next Bits: [0x0000023de3430000, 0x0000023de53b8000)

Polling page: 0x0000023dc71e0000

Metaspace:

Usage:
  Non-class:      4.59 MB capacity,     4.52 MB ( 98%) used,    76.02 KB (  2%) free+waste,     1.13 KB ( <1%) overhead. 
      Class:    496.00 KB capacity,   450.55 KB ( 91%) used,    44.70 KB (  9%) free+waste,   768 bytes ( <1%) overhead. 
       Both:      5.08 MB capacity,     4.96 MB ( 98%) used,   120.72 KB (  2%) free+waste,     1.88 KB ( <1%) overhead. 

Virtual space:
  Non-class space:        8.00 MB reserved,       4.75 MB ( 59%) committed 
      Class space:        1.00 GB reserved,     512.00 KB ( <1%) committed 
             Both:        1.01 GB reserved,       5.25 MB ( <1%) committed 

Chunk freelists:
   Non-Class:  4.00 KB
       Class:  2.00 KB
        Both:  6.00 KB

CodeHeap 'non-profiled nmethods': size=120000Kb used=54Kb max_used=54Kb free=119945Kb
 bounds [0x0000023dd9030000, 0x0000023dd92a0000, 0x0000023de0560000]
CodeHeap 'profiled nmethods': size=120000Kb used=328Kb max_used=328Kb free=119671Kb
 bounds [0x0000023dd1b00000, 0x0000023dd1d70000, 0x0000023dd9030000]
CodeHeap 'non-nmethods': size=5760Kb used=1027Kb max_used=1049Kb free=4733Kb
 bounds [0x0000023dd1560000, 0x0000023dd17d0000, 0x0000023dd1b00000]
 total_blobs=615 nmethods=222 adapters=210
 compilation: enabled
              stopped_count=0, restarted_count=0
 full_count=0

Compilation events (10 events):
Event: 20.922 Thread 0x0000023de879b800  217       3       java.lang.String::startsWith (7 bytes)
Event: 20.923 Thread 0x0000023de879b800 nmethod 217 0x0000023dd1b50a10 code [0x0000023dd1b50bc0, 0x0000023dd1b50d70]
Event: 20.923 Thread 0x0000023de879b800  218       3       jdk.internal.misc.Unsafe::putObjectRelease (9 bytes)
Event: 20.924 Thread 0x0000023de879b800 nmethod 218 0x0000023dd1b50e10 code [0x0000023dd1b50fc0, 0x0000023dd1b51178]
Event: 20.924 Thread 0x0000023de879b800  220       3       java.util.concurrent.ConcurrentHashMap::setTabAt (20 bytes)
Event: 20.924 Thread 0x0000023de879b800 nmethod 220 0x0000023dd1b51210 code [0x0000023dd1b513c0, 0x0000023dd1b51698]
Event: 20.924 Thread 0x0000023de879b800  221       3       java.lang.String::lastIndexOf (12 bytes)
Event: 20.925 Thread 0x0000023de879b800 nmethod 221 0x0000023dd1b51790 code [0x0000023dd1b51980, 0x0000023dd1b51dc0]
Event: 20.933 Thread 0x0000023de879b800  222       3       java.lang.StringUTF16::length (5 bytes)
Event: 20.933 Thread 0x0000023de879b800 nmethod 222 0x0000023dd1b51f90 code [0x0000023dd1b52140, 0x0000023dd1b52298]

GC Heap History (0 events):
No events

Deoptimization events (1 events):
Event: 0.188 Thread 0x0000023dc923f000 Uncommon trap: reason=unstable_if action=reinterpret pc=0x0000023dd9031878 method=java.lang.String.isLatin1()Z @ 10 c2

Classes redefined (0 events):
No events

Internal exceptions (4 events):
Event: 0.306 Thread 0x0000023dc923f000 Exception <a 'java/io/FileNotFoundException'{0x0000000089a99810}> (0x0000000089a99810) thrown at [t:/workspace/open/src/hotspot/share/prims/jni.cpp, line 615]
Event: 10.630 Thread 0x0000023dc923f000 Exception <a 'java/io/FileNotFoundException'{0x0000000089aab568}> (0x0000000089aab568) thrown at [t:/workspace/open/src/hotspot/share/prims/jni.cpp, line 615]
Event: 10.634 Thread 0x0000023dc923f000 Exception <a 'java/io/FileNotFoundException'{0x0000000089ab9f38}> (0x0000000089ab9f38) thrown at [t:/workspace/open/src/hotspot/share/prims/jni.cpp, line 615]
Event: 20.893 Thread 0x0000023dc923f000 Exception <a 'java/io/FileNotFoundException'{0x0000000089acb6b0}> (0x0000000089acb6b0) thrown at [t:/workspace/open/src/hotspot/share/prims/jni.cpp, line 615]

Events (10 events):
Event: 32.032 Executing VM operation: RevokeBias
Event: 32.033 Executing VM operation: RevokeBias done
Event: 32.033 Executing VM operation: RevokeBias
Event: 32.033 Executing VM operation: RevokeBias done
Event: 32.033 Executing VM operation: RevokeBias
Event: 32.033 Executing VM operation: RevokeBias done
Event: 32.034 Executing VM operation: RevokeBias
Event: 32.034 Executing VM operation: RevokeBias done
Event: 32.034 loading class java/util/EventObject
Event: 32.035 loading class java/util/EventObject done


Dynamic libraries:
0x00007ff726f20000 - 0x00007ff726f67000 	C:\Program Files\Java\jdk-11.0.2\bin\javaw.exe
0x00007ffaf93c0000 - 0x00007ffaf95b0000 	C:\WINDOWS\SYSTEM32\ntdll.dll
0x00007ffaf8450000 - 0x00007ffaf8502000 	C:\WINDOWS\System32\KERNEL32.DLL
0x00007ffaf6520000 - 0x00007ffaf67c5000 	C:\WINDOWS\System32\KERNELBASE.dll
0x00007ffaf92d0000 - 0x00007ffaf9373000 	C:\WINDOWS\System32\ADVAPI32.dll
0x00007ffaf77b0000 - 0x00007ffaf784e000 	C:\WINDOWS\System32\msvcrt.dll
0x00007ffaf79b0000 - 0x00007ffaf7a47000 	C:\WINDOWS\System32\sechost.dll
0x00007ffaf8110000 - 0x00007ffaf822f000 	C:\WINDOWS\System32\RPCRT4.dll
0x00007ffaf8690000 - 0x00007ffaf8824000 	C:\WINDOWS\System32\USER32.dll
0x00007ffaf70a0000 - 0x00007ffaf70c1000 	C:\WINDOWS\System32\win32u.dll
0x00007ffaf8980000 - 0x00007ffaf89a6000 	C:\WINDOWS\System32\GDI32.dll
0x00007ffaf7270000 - 0x00007ffaf7408000 	C:\WINDOWS\System32\gdi32full.dll
0x00007ffaf71d0000 - 0x00007ffaf726e000 	C:\WINDOWS\System32\msvcp_win.dll
0x00007ffaf6400000 - 0x00007ffaf64fa000 	C:\WINDOWS\System32\ucrtbase.dll
0x00007ffae78d0000 - 0x00007ffae7b54000 	C:\WINDOWS\WinSxS\amd64_microsoft.windows.common-controls_6595b64144ccf1df_6.0.18362.1379_none_9e7ff3b3e45cc0c4\COMCTL32.dll
0x00007ffaf5e40000 - 0x00007ffaf5e4a000 	C:\WINDOWS\SYSTEM32\VERSION.dll
0x00007ffaf7470000 - 0x00007ffaf77a7000 	C:\WINDOWS\System32\combase.dll
0x00007ffaf6370000 - 0x00007ffaf63f1000 	C:\WINDOWS\System32\bcryptPrimitives.dll
0x00007ffaf88e0000 - 0x00007ffaf890e000 	C:\WINDOWS\System32\IMM32.DLL
0x00007ffaf1f00000 - 0x00007ffaf1f16000 	C:\Program Files\Java\jdk-11.0.2\bin\vcruntime140.dll
0x00007ffad2d20000 - 0x00007ffad2dca000 	C:\Program Files\Java\jdk-11.0.2\bin\msvcp140.dll
0x00007ffab1720000 - 0x00007ffab2247000 	C:\Program Files\Java\jdk-11.0.2\bin\server\jvm.dll
0x00007ffaf7990000 - 0x00007ffaf7998000 	C:\WINDOWS\System32\PSAPI.DLL
0x00007ffaf3ca0000 - 0x00007ffaf3cc4000 	C:\WINDOWS\SYSTEM32\WINMM.dll
0x00007ffaf3e90000 - 0x00007ffaf3e99000 	C:\WINDOWS\SYSTEM32\WSOCK32.dll
0x00007ffaf8910000 - 0x00007ffaf897f000 	C:\WINDOWS\System32\WS2_32.dll
0x00007ffaf3820000 - 0x00007ffaf384d000 	C:\WINDOWS\SYSTEM32\winmmbase.dll
0x00007ffaf70d0000 - 0x00007ffaf711a000 	C:\WINDOWS\System32\cfgmgr32.dll
0x00007ffaf6320000 - 0x00007ffaf6331000 	C:\WINDOWS\System32\kernel.appcore.dll
0x00007ffae8640000 - 0x00007ffae8651000 	C:\Program Files\Java\jdk-11.0.2\bin\verify.dll
0x00007ffaf4b00000 - 0x00007ffaf4cf4000 	C:\WINDOWS\SYSTEM32\DBGHELP.DLL
0x00007ffae2810000 - 0x00007ffae283a000 	C:\WINDOWS\SYSTEM32\dbgcore.DLL
0x00007ffae5780000 - 0x00007ffae57a9000 	C:\Program Files\Java\jdk-11.0.2\bin\java.dll
0x00007ffae5760000 - 0x00007ffae5776000 	C:\Program Files\Java\jdk-11.0.2\bin\zip.dll
0x00007ffaf23e0000 - 0x00007ffaf23ea000 	C:\Program Files\Java\jdk-11.0.2\bin\jimage.dll
0x00007ffaf89b0000 - 0x00007ffaf9098000 	C:\WINDOWS\System32\SHELL32.dll
0x00007ffaf8000000 - 0x00007ffaf80a7000 	C:\WINDOWS\System32\shcore.dll
0x00007ffaf67d0000 - 0x00007ffaf6f4b000 	C:\WINDOWS\System32\windows.storage.dll
0x00007ffaf62f0000 - 0x00007ffaf6313000 	C:\WINDOWS\System32\profapi.dll
0x00007ffaf62a0000 - 0x00007ffaf62ea000 	C:\WINDOWS\System32\powrprof.dll
0x00007ffaf6270000 - 0x00007ffaf6280000 	C:\WINDOWS\System32\UMPDC.dll
0x00007ffaf80b0000 - 0x00007ffaf8102000 	C:\WINDOWS\System32\shlwapi.dll
0x00007ffaf6500000 - 0x00007ffaf6517000 	C:\WINDOWS\System32\cryptsp.dll
0x00007ffae5740000 - 0x00007ffae5759000 	C:\Program Files\Java\jdk-11.0.2\bin\net.dll
0x00007ffae34f0000 - 0x00007ffae36c6000 	C:\WINDOWS\SYSTEM32\urlmon.dll
0x00007ffaf1f60000 - 0x00007ffaf2050000 	C:\WINDOWS\SYSTEM32\WINHTTP.dll
0x00007ffae66f0000 - 0x00007ffae6997000 	C:\WINDOWS\SYSTEM32\iertutil.dll
0x00007ffaf5c10000 - 0x00007ffaf5c1c000 	C:\WINDOWS\SYSTEM32\CRYPTBASE.DLL
0x00007ffaf5a40000 - 0x00007ffaf5aa7000 	C:\WINDOWS\system32\mswsock.dll
0x00007ffae5720000 - 0x00007ffae5733000 	C:\Program Files\Java\jdk-11.0.2\bin\nio.dll
0x0000000180000000 - 0x0000000180025000 	C:\Windows\System32\rxtxSerial.dll

dbghelp: loaded successfully - version: 4.0.5 - missing functions: none
symbol engine: initialized successfully - sym options: 0x614 - pdb path: .;C:\Program Files\Java\jdk-11.0.2\bin;C:\WINDOWS\SYSTEM32;C:\WINDOWS\WinSxS\amd64_microsoft.windows.common-controls_6595b64144ccf1df_6.0.18362.1379_none_9e7ff3b3e45cc0c4;C:\Program Files\Java\jdk-11.0.2\bin\server

VM Arguments:
jvm_args: -Dfile.encoding=UTF-8 
java_command: search.outil.SerialRead
java_class_path (initial): C:\Users\86913\Documents\GitHub\cpManagement\bin;C:\Users\86913\Documents\GitHub\cpManagement\lib\poi-5.0.0.jar;C:\Users\86913\Documents\GitHub\cpManagement\lib\poi-scratchpad-5.0.0.jar;C:\Users\86913\Documents\GitHub\cpManagement\lib\poi-ooxml-full-5.0.0.jar;C:\Users\86913\Documents\GitHub\cpManagement\lib\poi-ooxml-5.0.0.jar;C:\Users\86913\Documents\GitHub\cpManagement\lib\poi-examples-5.0.0.jar;C:\Users\86913\Documents\GitHub\cpManagement\lib\poi-excelant-5.0.0.jar;C:\Users\86913\Documents\GitHub\cpManagement\lib\poi-ooxml-lite-5.0.0.jar;C:\Users\86913\Documents\GitHub\cpManagement\lib\poi-integration-5.0.0.jar;C:\Users\86913\Documents\GitHub\cpManagement\lib\comm.jar;C:\Users\86913\Documents\GitHub\cpManagement\lib\freemarker.jar;C:\Users\86913\Documents\GitHub\cpManagement\lib\jacob.jar;C:\Users\86913\Documents\GitHub\cpManagement\lib\jtds-1.3.1.jar;C:\Users\86913\Documents\GitHub\cpManagement\lib\mysql-connector-java-5.1.45-bin.jar;C:\Users\86913\Documents\GitHub\cpManagement\lib\poi-3.8-20120326.jar;C:\Users\86913\Documents\GitHub\cpManagement\lib\RXTXcomm.jar;C:\Users\86913\Documents\GitHub\cpManagement\lib\selenium-server-standalone-3.141.59.jar;C:\Users\86913\Documents\GitHub\cpManagement\lib\zxing3.2.1.jar;C:\Users\86913\Documents\GitHub\cpManagement\lib\commons-codec-1.15.jar;C:\Users\86913\Documents\GitHub\cpManagement\lib\commons-collections4-4.4.jar;C:\Users\86913\Documents\GitHub\cpManagement\lib\commons-math3-3.6.1.jar;C:\Users\86913\Documents\GitHub\cpManagement\lib\SparseBitSet-1.2.jar;C:\Users\86913\Documents\GitHub\cpManagement\lib\bcprov-jdk15on-1.68.jar;C:\Users\86913\Documents\GitHub\cpManagement\lib\bcpkix-jdk15on-1.68.jar;C:\Users\86913\Documents\GitHub\cpManagement\lib\curvesapi-1.06.jar;C:\Users\86913\Documents\GitHub\cpManagement\lib\xmlsec-2.2.1.jar;C:\Users\86913\Documents\GitHub\cpManagement\lib\commons-compress-1.20.jar;C:\Users\86913\Documents\GitHub\cpManagement\lib\xmlbeans-4.0.0.jar;C:\Users\86913\Doc
Launcher Type: SUN_STANDARD

[Global flags]
     intx CICompilerCount                          = 4                                         {product} {ergonomic}
     uint ConcGCThreads                            = 2                                         {product} {ergonomic}
     uint G1ConcRefinementThreads                  = 8                                         {product} {ergonomic}
   size_t G1HeapRegionSize                         = 1048576                                   {product} {ergonomic}
    uintx GCDrainStackTargetSize                   = 64                                        {product} {ergonomic}
   size_t InitialHeapSize                          = 134217728                                 {product} {ergonomic}
   size_t MarkStackSize                            = 4194304                                   {product} {ergonomic}
   size_t MaxHeapSize                              = 2116026368                                {product} {ergonomic}
   size_t MaxNewSize                               = 1268776960                                {product} {ergonomic}
   size_t MinHeapDeltaBytes                        = 1048576                                   {product} {ergonomic}
    uintx NonNMethodCodeHeapSize                   = 5835340                                {pd product} {ergonomic}
    uintx NonProfiledCodeHeapSize                  = 122911450                              {pd product} {ergonomic}
    uintx ProfiledCodeHeapSize                     = 122911450                              {pd product} {ergonomic}
    uintx ReservedCodeCacheSize                    = 251658240                              {pd product} {ergonomic}
     bool SegmentedCodeCache                       = true                                      {product} {ergonomic}
     bool UseCompressedClassPointers               = true                                 {lp64_product} {ergonomic}
     bool UseCompressedOops                        = true                                 {lp64_product} {ergonomic}
     bool UseG1GC                                  = true                                      {product} {ergonomic}
     bool UseLargePagesIndividualAllocation        = false                                  {pd product} {ergonomic}

Logging:
Log output configuration:
 #0: stdout all=warning uptime,level,tags
 #1: stderr all=off uptime,level,tags

Environment Variables:
JAVA_HOME=C:\Program Files\Java\jdk-11.0.2
PATH=C:/Program Files/Java/jdk-11.0.2/bin/server;C:/Program Files/Java/jdk-11.0.2/bin;C:\ProgramData\Anaconda3;C:\ProgramData\Anaconda3\Library\mingw-w64\bin;C:\ProgramData\Anaconda3\Library\usr\bin;C:\ProgramData\Anaconda3\Library\bin;C:\ProgramData\Anaconda3\Scripts;C:\Program Files\Python38\Scripts\;C:\Program Files\Python38\;C:\Program Files (x86)\Common Files\Oracle\Java\javapath;C:\Program Files (x86)\Intel\Intel(R) Management Engine Components\iCLS\;C:\Program Files\Intel\Intel(R) Management Engine Components\iCLS\;C:\Windows\system32;C:\Windows;C:\Windows\System32\Wbem;C:\Windows\System32\WindowsPowerShell\v1.0\;C:\Windows\System32\OpenSSH\;C:\Program Files (x86)\Intel\Intel(R) Management Engine Components\DAL;C:\Program Files\Intel\Intel(R) Management Engine Components\DAL;C:\Program Files (x86)\Intel\Intel(R) Management Engine Components\IPT;C:\Program Files\Intel\Intel(R) Management Engine Components\IPT;C:\Program Files (x86)\NVIDIA Corporation\PhysX\Common;C:\WINDOWS\system32;C:\WINDOWS;C:\WINDOWS\System32\Wbem;C:\WINDOWS\System32\WindowsPowerShell\v1.0\;C:\WINDOWS\System32\OpenSSH\;C:\MinGW\bin;D:\Program Files\MATLAB\R2019b\bin;C:\Program Files\NVIDIA Corporation\NVIDIA NvDLISR;C:\Program Files\Java\jdk-11.0.2\db-derby-10.10.2.0-bin\bin;D:\Program Files (x86)\Graphviz2.38\bin;D:\Program Files\SumatraPDF\;C:\Program Files\MySQL\MySQL Server 8.0\bin;C:\Program Files (x86)\Windows Kits\10\Windows Performance Toolkit\;C:\Program Files\nodejs\;C:\WINDOWS\system32;C:\WINDOWS;C:\WINDOWS\System32\Wbem;C:\WINDOWS\System32\WindowsPowerShell\v1.0\;C:\WINDOWS\System32\OpenSSH\;C:\ProgramData\Anaconda3;C:\ProgramData\Anaconda3\Scripts;C:\Program Files\Git\cmd;C:\Program Files (x86)\Google\Chrome\Application;C:\Program Files\Docker\Docker\resources\bin;C:\ProgramData\DockerDesktop\version-bin;D:\apache-cxf-3.4.2\bin;C:\Users\86913\AppData\Local\Microsoft\WindowsApps;C:\Users\86913\AppData\Local\Android\Sdk\platform-tools;D:\Program Files\JetBrains\PyCharm 2020.1\bin;;
USERNAME=86913
OS=Windows_NT
PROCESSOR_IDENTIFIER=Intel64 Family 6 Model 142 Stepping 10, GenuineIntel



---------------  S Y S T E M  ---------------

OS: Windows 10 , 64 bit Build 18362 (10.0.18362.1350)

CPU:total 8 (initial active 8) (4 cores per cpu, 2 threads per core) family 6 model 142 stepping 10, cmov, cx8, fxsr, mmx, sse, sse2, sse3, ssse3, sse4.1, sse4.2, popcnt, avx, avx2, aes, clmul, erms, 3dnowpref, lzcnt, ht, tsc, tscinvbit, bmi1, bmi2, adx, fma

Memory: 4k page, system-wide physical 8066M (3703M free)
TotalPageFile size 10626M (AvailPageFile size 4560M)
current process WorkingSet (physical memory assigned to process): 39M, peak: 39M
current process commit charge ("private bytes"): 205M, peak: 205M

vm_info: Java HotSpot(TM) 64-Bit Server VM (11.0.2+9-LTS) for windows-amd64 JRE (11.0.2+9-LTS), built on Jan 18 2019 05:24:10 by "mach5one" with MS VC++ 15.5 (VS2017)

END.
